<?xml version="1.0" encoding="UTF-8"?>
<testsuite xmlns:xsi="http://www.w3.org/2001/XMLSchema-instance" xsi:noNamespaceSchemaLocation="https://maven.apache.org/surefire/maven-surefire-plugin/xsd/surefire-test-report-3.0.xsd" version="3.0" name="com.example.springboot.HelloControllerTest" time="2.328" tests="1" errors="0" skipped="0" failures="0">
  <properties>
[...]
</properties>
  <testcase name="index" classname="com.example.springboot.HelloControllerTest" time="0.81">
    <system-out><![CDATA[09:30:28.895 [main] INFO org.springframework.test.context.support.AnnotationConfigContextLoaderUtils -- Could not detect default configuration classes for test class [com.example.springboot.HelloControllerTest]: HelloControllerTest does not declare any static, non-private, non-final, nested classes annotated with @Configuration.
09:30:29.014 [main] INFO org.springframework.boot.test.context.SpringBootTestContextBootstrapper -- Found @SpringBootConfiguration com.example.springboot.Application for test class com.example.springboot.HelloControllerTest

  .   ____          _            __ _ _
 /\\ / ___'_ __ _ _(_)_ __  __ _ \ \ \ \
( ( )\___ | '_ | '_| | '_ \/ _` | \ \ \ \
 \\/  ___)| |_)| | | | | || (_| |  ) ) ) )
  '  |____| .__|_| |_|_| |_\__, | / / / /
 =========|_|==============|___/=/_/_/_/

 :: Spring Boot ::                (v3.3.4)

2024-12-04T09:30:29.441-05:00  INFO 10221 --- [tanzu-java-web-app] [           main] c.e.springboot.HelloControllerTest       : Starting HelloControllerTest using Java 22.0.2 with PID 10221 (started by krashed in /Users/krashed/workspace/tanzu-build-samples/tanzu-java-web-app-with-jar)
2024-12-04T09:30:29.443-05:00  INFO 10221 --- [tanzu-java-web-app] [           main] c.e.springboot.HelloControllerTest       : No active profile set, falling back to 1 default profile: "default"
2024-12-04T09:30:30.214-05:00  INFO 10221 --- [tanzu-java-web-app] [           main] o.s.b.t.m.w.SpringBootMockServletContext : Initializing Spring TestDispatcherServlet ''
2024-12-04T09:30:30.214-05:00  INFO 10221 --- [tanzu-java-web-app] [           main] o.s.t.web.servlet.TestDispatcherServlet  : Initializing Servlet ''
2024-12-04T09:30:30.216-05:00  INFO 10221 --- [tanzu-java-web-app] [           main] o.s.t.web.servlet.TestDispatcherServlet  : Completed initialization in 1 ms
2024-12-04T09:30:30.232-05:00  INFO 10221 --- [tanzu-java-web-app] [           main] c.e.springboot.HelloControllerTest       : Started HelloControllerTest in 1.155 seconds (process running for 1.96)
]]></system-out>
    <system-err><![CDATA[WARNING: A Java agent has been loaded dynamically (/Users/krashed/.m2/repository/net/bytebuddy/byte-buddy-agent/1.14.19/byte-buddy-agent-1.14.19.jar)
WARNING: If a serviceability tool is in use, please run with -XX:+EnableDynamicAgentLoading to hide this warning
WARNING: If a serviceability tool is not in use, please run with -Djdk.instrument.traceUsage for more information
WARNING: Dynamic loading of agents will be disallowed by default in a future release
]]></system-err>
  </testcase>
</testsuite>